{
  "stats": {
    "suites": 1,
    "tests": 3,
    "passes": 3,
    "pending": 0,
    "failures": 0,
    "start": "2021-09-06T07:19:32.324Z",
    "end": "2021-09-06T07:19:34.494Z",
    "duration": 2170,
    "testsRegistered": 3,
    "passPercent": 100,
    "pendingPercent": 0,
    "other": 0,
    "hasOther": false,
    "skipped": 0,
    "hasSkipped": false
  },
  "results": [
    {
      "uuid": "ea78a552-d015-4e3a-a01b-5ea04e911ecd",
      "title": "",
      "fullFile": "cypress/integration/todoAppTests/allTodos.spec.js",
      "file": "cypress/integration/todoAppTests/allTodos.spec.js",
      "beforeHooks": [],
      "afterHooks": [],
      "tests": [],
      "suites": [
        {
          "uuid": "da5e332a-daa7-4176-b4a3-db4754239ce7",
          "title": "ToDo HomePage Tests - All Todos",
          "fullFile": "",
          "file": "",
          "beforeHooks": [],
          "afterHooks": [],
          "tests": [
            {
              "title": "Should display 2 todos by default",
              "fullTitle": "ToDo HomePage Tests - All Todos Should display 2 todos by default",
              "timedOut": null,
              "duration": 800,
              "state": "passed",
              "speed": "slow",
              "pass": true,
              "fail": false,
              "pending": false,
              "context": null,
              "code": "allTodoPage.assertNumberOfTodos(2).assertTodos(todos);",
              "err": {},
              "uuid": "593a65b5-83a6-451f-adb5-14b91355c159",
              "parentUUID": "da5e332a-daa7-4176-b4a3-db4754239ce7",
              "isHook": false,
              "skipped": false
            },
            {
              "title": "Should be able to add todo",
              "fullTitle": "ToDo HomePage Tests - All Todos Should be able to add todo",
              "timedOut": null,
              "duration": 934,
              "state": "passed",
              "speed": "slow",
              "pass": true,
              "fail": false,
              "pending": false,
              "context": null,
              "code": "const newTodo = \"Feed the cat\";\nconst newTodoList = [...todos, newTodo];\nallTodoPage.addNewTodo(newTodo).assertNumberOfTodos(3).assertTodos(newTodoList);",
              "err": {},
              "uuid": "afdb8879-84dc-455c-a858-3a9ccb6f64e9",
              "parentUUID": "da5e332a-daa7-4176-b4a3-db4754239ce7",
              "isHook": false,
              "skipped": false
            },
            {
              "title": "Should be able to mark the todo items as completed",
              "fullTitle": "ToDo HomePage Tests - All Todos Should be able to mark the todo items as completed",
              "timedOut": null,
              "duration": 393,
              "state": "passed",
              "speed": "slow",
              "pass": true,
              "fail": false,
              "pending": false,
              "context": null,
              "code": "const targetTodo = todos[0];\nallTodoPage.markTodoAsCompleted(targetTodo).assertTodoIsCompleted(targetTodo);",
              "err": {},
              "uuid": "e5b05df3-cd7e-40c9-98c1-254001ff5efb",
              "parentUUID": "da5e332a-daa7-4176-b4a3-db4754239ce7",
              "isHook": false,
              "skipped": false
            }
          ],
          "suites": [],
          "passes": [
            "593a65b5-83a6-451f-adb5-14b91355c159",
            "afdb8879-84dc-455c-a858-3a9ccb6f64e9",
            "e5b05df3-cd7e-40c9-98c1-254001ff5efb"
          ],
          "failures": [],
          "pending": [],
          "skipped": [],
          "duration": 2127,
          "root": false,
          "rootEmpty": false,
          "_timeout": 2000
        }
      ],
      "passes": [],
      "failures": [],
      "pending": [],
      "skipped": [],
      "duration": 0,
      "root": true,
      "rootEmpty": true,
      "_timeout": 2000
    }
  ],
  "meta": {
    "mocha": {
      "version": "7.0.1"
    },
    "mochawesome": {
      "options": {
        "quiet": false,
        "reportFilename": "mochawesome",
        "saveHtml": false,
        "saveJson": true,
        "consoleReporter": "spec",
        "useInlineDiffs": false,
        "code": true
      },
      "version": "6.2.2"
    },
    "marge": {
      "options": {
        "overwrite": false,
        "html": false,
        "json": true,
        "reportDir": "cypress\\reports\\html\\.jsons"
      },
      "version": "5.2.0"
    }
  }
}