{
  "stats": {
    "suites": 1,
    "tests": 3,
    "passes": 3,
    "pending": 0,
    "failures": 0,
    "start": "2021-09-06T07:25:40.334Z",
    "end": "2021-09-06T07:25:42.377Z",
    "duration": 2043,
    "testsRegistered": 3,
    "passPercent": 100,
    "pendingPercent": 0,
    "other": 0,
    "hasOther": false,
    "skipped": 0,
    "hasSkipped": false
  },
  "results": [
    {
      "uuid": "d442c0f8-bec3-4066-95ca-5d2ccee2db87",
      "title": "",
      "fullFile": "cypress/integration/todoAppTests/allTodos.spec.js",
      "file": "cypress/integration/todoAppTests/allTodos.spec.js",
      "beforeHooks": [],
      "afterHooks": [],
      "tests": [],
      "suites": [
        {
          "uuid": "aaa49694-2dac-4341-9e84-1bafb7527e84",
          "title": "ToDo HomePage Tests - All Todos",
          "fullFile": "",
          "file": "",
          "beforeHooks": [],
          "afterHooks": [],
          "tests": [
            {
              "title": "Should display 2 todos by default",
              "fullTitle": "ToDo HomePage Tests - All Todos Should display 2 todos by default",
              "timedOut": null,
              "duration": 831,
              "state": "passed",
              "speed": "slow",
              "pass": true,
              "fail": false,
              "pending": false,
              "context": null,
              "code": "allTodoPage.assertNumberOfTodos(2).assertTodos(todos);",
              "err": {},
              "uuid": "5d1b575f-0f95-4aca-a303-7fb87c4fb2d9",
              "parentUUID": "aaa49694-2dac-4341-9e84-1bafb7527e84",
              "isHook": false,
              "skipped": false
            },
            {
              "title": "Should be able to add todo",
              "fullTitle": "ToDo HomePage Tests - All Todos Should be able to add todo",
              "timedOut": null,
              "duration": 791,
              "state": "passed",
              "speed": "slow",
              "pass": true,
              "fail": false,
              "pending": false,
              "context": null,
              "code": "const newTodo = \"Feed the cat\";\nconst newTodoList = [...todos, newTodo];\nallTodoPage.addNewTodo(newTodo).assertNumberOfTodos(3).assertTodos(newTodoList);",
              "err": {},
              "uuid": "9559f080-3ea9-4bdc-97a5-5b59694bedb1",
              "parentUUID": "aaa49694-2dac-4341-9e84-1bafb7527e84",
              "isHook": false,
              "skipped": false
            },
            {
              "title": "Should be able to mark the todo items as completed",
              "fullTitle": "ToDo HomePage Tests - All Todos Should be able to mark the todo items as completed",
              "timedOut": null,
              "duration": 334,
              "state": "passed",
              "speed": "slow",
              "pass": true,
              "fail": false,
              "pending": false,
              "context": null,
              "code": "const targetTodo = todos[0];\nallTodoPage.markTodoAsCompleted(targetTodo).assertTodoIsCompleted(targetTodo);",
              "err": {},
              "uuid": "d0c02ebc-2fff-464a-92e3-f8403c78d30e",
              "parentUUID": "aaa49694-2dac-4341-9e84-1bafb7527e84",
              "isHook": false,
              "skipped": false
            }
          ],
          "suites": [],
          "passes": [
            "5d1b575f-0f95-4aca-a303-7fb87c4fb2d9",
            "9559f080-3ea9-4bdc-97a5-5b59694bedb1",
            "d0c02ebc-2fff-464a-92e3-f8403c78d30e"
          ],
          "failures": [],
          "pending": [],
          "skipped": [],
          "duration": 1956,
          "root": false,
          "rootEmpty": false,
          "_timeout": 2000
        }
      ],
      "passes": [],
      "failures": [],
      "pending": [],
      "skipped": [],
      "duration": 0,
      "root": true,
      "rootEmpty": true,
      "_timeout": 2000
    }
  ],
  "meta": {
    "mocha": {
      "version": "7.0.1"
    },
    "mochawesome": {
      "options": {
        "quiet": false,
        "reportFilename": "mochawesome",
        "saveHtml": false,
        "saveJson": true,
        "consoleReporter": "spec",
        "useInlineDiffs": false,
        "code": true
      },
      "version": "6.2.2"
    },
    "marge": {
      "options": {
        "overwrite": false,
        "html": false,
        "json": true,
        "reportDir": "cypress\\reports\\html\\.jsons"
      },
      "version": "5.2.0"
    }
  }
}