{
  "stats": {
    "suites": 1,
    "tests": 1,
    "passes": 1,
    "pending": 0,
    "failures": 0,
    "start": "2021-09-06T07:44:48.221Z",
    "end": "2021-09-06T07:44:49.596Z",
    "duration": 1375,
    "testsRegistered": 1,
    "passPercent": 100,
    "pendingPercent": 0,
    "other": 0,
    "hasOther": false,
    "skipped": 0,
    "hasSkipped": false
  },
  "results": [
    {
      "uuid": "417a9d10-b4d9-4b65-a137-e6394ee1373d",
      "title": "",
      "fullFile": "cypress/integration/todoAppTests/activeTodos.spec.js",
      "file": "cypress/integration/todoAppTests/activeTodos.spec.js",
      "beforeHooks": [],
      "afterHooks": [],
      "tests": [],
      "suites": [
        {
          "uuid": "75407ddd-aa44-441b-b558-e6665118b0f3",
          "title": "ToDo HomePage Tests - All Todos",
          "fullFile": "",
          "file": "",
          "beforeHooks": [],
          "afterHooks": [],
          "tests": [
            {
              "title": "Should display all active todos",
              "fullTitle": "ToDo HomePage Tests - All Todos Should display all active todos",
              "timedOut": null,
              "duration": 1311,
              "state": "passed",
              "speed": "slow",
              "pass": true,
              "fail": false,
              "pending": false,
              "context": null,
              "code": "const activeTodo = todos.filter(todo => !todo.completed).map(todo => todo.title);\nactiveTodosPage.assertNumberOfTodos(activeTodo.length).assertTodos(activeTodo);",
              "err": {},
              "uuid": "8e68deeb-d088-43df-9a22-5c51ccc60171",
              "parentUUID": "75407ddd-aa44-441b-b558-e6665118b0f3",
              "isHook": false,
              "skipped": false
            }
          ],
          "suites": [],
          "passes": [
            "8e68deeb-d088-43df-9a22-5c51ccc60171"
          ],
          "failures": [],
          "pending": [],
          "skipped": [],
          "duration": 1311,
          "root": false,
          "rootEmpty": false,
          "_timeout": 2000
        }
      ],
      "passes": [],
      "failures": [],
      "pending": [],
      "skipped": [],
      "duration": 0,
      "root": true,
      "rootEmpty": true,
      "_timeout": 2000
    }
  ],
  "meta": {
    "mocha": {
      "version": "7.0.1"
    },
    "mochawesome": {
      "options": {
        "quiet": false,
        "reportFilename": "mochawesome",
        "saveHtml": false,
        "saveJson": true,
        "consoleReporter": "spec",
        "useInlineDiffs": false,
        "code": true
      },
      "version": "6.2.2"
    },
    "marge": {
      "options": {
        "overwrite": false,
        "html": false,
        "json": true,
        "reportDir": "cypress\\reports\\html\\.jsons"
      },
      "version": "5.2.0"
    }
  }
}