{
  "stats": {
    "suites": 1,
    "tests": 3,
    "passes": 3,
    "pending": 0,
    "failures": 0,
    "start": "2021-09-06T07:44:53.609Z",
    "end": "2021-09-06T07:44:56.164Z",
    "duration": 2555,
    "testsRegistered": 3,
    "passPercent": 100,
    "pendingPercent": 0,
    "other": 0,
    "hasOther": false,
    "skipped": 0,
    "hasSkipped": false
  },
  "results": [
    {
      "uuid": "83d96c7f-0ee5-48e5-a9c0-c89241ef9f47",
      "title": "",
      "fullFile": "cypress/integration/todoAppTests/allTodos.spec.js",
      "file": "cypress/integration/todoAppTests/allTodos.spec.js",
      "beforeHooks": [],
      "afterHooks": [],
      "tests": [],
      "suites": [
        {
          "uuid": "4ad04a87-74db-454d-8737-2fdc4e8e0a1d",
          "title": "ToDo HomePage Tests - All Todos",
          "fullFile": "",
          "file": "",
          "beforeHooks": [],
          "afterHooks": [],
          "tests": [
            {
              "title": "Should display 2 todos by default",
              "fullTitle": "ToDo HomePage Tests - All Todos Should display 2 todos by default",
              "timedOut": null,
              "duration": 1538,
              "state": "passed",
              "speed": "slow",
              "pass": true,
              "fail": false,
              "pending": false,
              "context": null,
              "code": "allTodoPage.assertNumberOfTodos(2).assertTodos(todos);",
              "err": {},
              "uuid": "f21a4b43-3393-47ed-a887-61d7938d89b9",
              "parentUUID": "4ad04a87-74db-454d-8737-2fdc4e8e0a1d",
              "isHook": false,
              "skipped": false
            },
            {
              "title": "Should be able to add todo",
              "fullTitle": "ToDo HomePage Tests - All Todos Should be able to add todo",
              "timedOut": null,
              "duration": 651,
              "state": "passed",
              "speed": "slow",
              "pass": true,
              "fail": false,
              "pending": false,
              "context": null,
              "code": "const newTodo = \"Feed the cat\";\nconst newTodoList = [...todos, newTodo];\nallTodoPage.addNewTodo(newTodo).assertNumberOfTodos(3).assertTodos(newTodoList);",
              "err": {},
              "uuid": "f7795b12-4227-4c9a-ad7c-d469159ff819",
              "parentUUID": "4ad04a87-74db-454d-8737-2fdc4e8e0a1d",
              "isHook": false,
              "skipped": false
            },
            {
              "title": "Should be able to mark the todo items as completed",
              "fullTitle": "ToDo HomePage Tests - All Todos Should be able to mark the todo items as completed",
              "timedOut": null,
              "duration": 293,
              "state": "passed",
              "speed": "slow",
              "pass": true,
              "fail": false,
              "pending": false,
              "context": null,
              "code": "const targetTodo = todos[0];\nallTodoPage.markTodoAsCompleted(targetTodo).assertTodoIsCompleted(targetTodo);",
              "err": {},
              "uuid": "78621245-38aa-4923-8800-338da12a4644",
              "parentUUID": "4ad04a87-74db-454d-8737-2fdc4e8e0a1d",
              "isHook": false,
              "skipped": false
            }
          ],
          "suites": [],
          "passes": [
            "f21a4b43-3393-47ed-a887-61d7938d89b9",
            "f7795b12-4227-4c9a-ad7c-d469159ff819",
            "78621245-38aa-4923-8800-338da12a4644"
          ],
          "failures": [],
          "pending": [],
          "skipped": [],
          "duration": 2482,
          "root": false,
          "rootEmpty": false,
          "_timeout": 2000
        }
      ],
      "passes": [],
      "failures": [],
      "pending": [],
      "skipped": [],
      "duration": 0,
      "root": true,
      "rootEmpty": true,
      "_timeout": 2000
    }
  ],
  "meta": {
    "mocha": {
      "version": "7.0.1"
    },
    "mochawesome": {
      "options": {
        "quiet": false,
        "reportFilename": "mochawesome",
        "saveHtml": false,
        "saveJson": true,
        "consoleReporter": "spec",
        "useInlineDiffs": false,
        "code": true
      },
      "version": "6.2.2"
    },
    "marge": {
      "options": {
        "overwrite": false,
        "html": false,
        "json": true,
        "reportDir": "cypress\\reports\\html\\.jsons"
      },
      "version": "5.2.0"
    }
  }
}